2025-11-13T17:08:05.518Z [POST] /api/community-posts from ::1 Status: 201, Duration: 212ms
2025-11-13T17:08:32.892Z [POST] /api/community-posts from ::1 Status: 201, Duration: 1293ms
2025-11-13T17:08:33.856Z [POST] /api/community-posts from ::1 Status: 201, Duration: 1264ms
2025-11-15T16:59:49.611Z [POST] /polls from ::ffff:127.0.0.1 Status: 404, Duration: 1ms
2025-11-15T17:01:43.033Z [POST] /polls from ::1 Status: 404, Duration: 2ms
2025-11-15T17:01:43.035Z [POST] /polls from ::ffff:127.0.0.1 Status: 404, Duration: 1ms
2025-11-15T17:01:49.849Z [POST] /polls from ::1 Status: 404, Duration: 0ms
2025-11-15T17:06:25.057Z [POST] /polls from ::1 Status: 404, Duration: 2ms
2025-11-15T17:06:37.568Z [POST] /api/polls from ::1 Status: 401, Duration: 5ms
2025-11-15T17:07:59.380Z [POST] /api/polls from ::1 Status: 401, Duration: 6ms
2025-11-15T17:09:46.390Z [POST] /api/polls from ::1 Status: 401, Duration: 1ms
2025-11-15T17:11:57.170Z [POST] /api/polls from ::1 Status: 401, Duration: 1ms
2025-11-15T17:20:28.332Z [POST] /polls from ::1 Status: 404, Duration: 1ms
2025-11-15T17:21:00.474Z [POST] /api/polls from ::1 Status: 401, Duration: 1ms
2025-11-15T17:21:12.998Z [POST] /api/polls from ::1 Status: 401, Duration: 1ms
2025-11-15T17:24:31.595Z [POST] /api/polls from ::1 Status: 401, Duration: 1213ms
2025-11-16T14:39:15.270Z [POST] /api/auth/register from ::1 Status: 202, Duration: 4202ms
2025-11-16T14:40:36.734Z [POST] /api/auth/register from ::1 Status: 202, Duration: 3759ms
2025-11-16T14:40:54.299Z [POST] /api/auth/verify-otp from ::1 Status: 200, Duration: 1625ms
2025-11-16T14:41:37.275Z [POST] /api/auth/login from ::1 Status: 200, Duration: 1495ms
2025-11-16T14:42:06.162Z [POST] /api/auth/login from ::1 Status: 200, Duration: 1590ms
2025-11-16T14:42:50.045Z [POST] /api/polls from ::1 Status: 401, Duration: 8ms
2025-11-16T14:44:41.038Z [POST] /api/polls from ::1 Status: 401, Duration: 5ms
2025-11-16T14:48:40.902Z [POST] /api/polls from ::1 Status: 401, Duration: 5ms
2025-11-16T14:49:26.589Z [POST] /api/polls from ::1 Status: 401, Duration: 1310ms
2025-11-16T15:06:12.502Z [POST] /api/polls from ::1 Status: 401, Duration: 6ms
2025-11-16T15:10:19.243Z [POST] /api/auth/login from ::1 Status: 200, Duration: 1500ms
2025-11-16T15:10:34.304Z [POST] /api/polls from ::1 Status: 401, Duration: 8ms
2025-11-16T15:11:37.030Z [POST] /api/auth/login from ::1 Status: 200, Duration: 1470ms
2025-11-16T15:11:57.414Z [POST] /api/polls from ::1 Status: 401, Duration: 2ms
2025-11-16T15:14:28.586Z [POST] /api/auth/login from ::1 Status: 200, Duration: 1467ms
2025-11-16T15:15:31.041Z [POST] /api/auth/login from ::1 Status: 200, Duration: 1506ms
2025-11-16T15:17:17.229Z [POST] /api/auth/login from ::1 Status: 401, Duration: 1302ms
2025-11-16T15:17:26.129Z [POST] /api/auth/login from ::1 Status: 401, Duration: 265ms
2025-11-16T15:17:32.986Z [POST] /api/auth/login from ::1 Status: 401, Duration: 261ms
2025-11-16T15:17:46.592Z [POST] /api/auth/login from ::1 Status: 200, Duration: 1467ms
2025-11-16T15:18:07.503Z [POST] /api/polls from ::1 Status: 401, Duration: 3ms
2025-11-16T15:32:41.439Z [POST] /api/polls from ::1 Status: 401, Duration: 5ms
2025-11-16T15:33:08.239Z [POST] /api/polls from ::1 Status: 401, Duration: 1ms
2025-11-16T15:36:24.439Z [POST] /api/polls from ::1 Status: 401, Duration: 6ms
2025-11-16T15:37:03.853Z [POST] /api/polls from ::1 Status: 401, Duration: 4ms
2025-11-16T15:39:35.151Z [POST] /api/polls from ::1 Status: 401, Duration: 11ms
2025-11-16T15:40:00.027Z [POST] /api/polls from ::1 Status: 401, Duration: 6ms
2025-11-16T15:41:39.227Z [POST] /api/polls from ::1 Status: 401, Duration: 13ms
2025-11-16T15:45:17.499Z [POST] /api/polls from ::1 Status: 401, Duration: 5ms
2025-11-16T15:47:33.320Z [POST] /api/polls from ::1 Status: 401, Duration: 9ms
2025-11-16T15:48:35.561Z [POST] /api/polls from ::1 Status: 401, Duration: 13ms
2025-11-16T15:50:14.153Z [POST] /api/polls from ::1 Status: 401, Duration: 1ms
2025-11-16T15:50:55.502Z [POST] /api/polls from ::1 Status: 401, Duration: 2ms
2025-11-16T15:50:59.627Z [POST] /api/polls from ::1 Status: 401, Duration: 2ms
2025-11-16T15:52:18.636Z [POST] /api/polls from ::1 Status: 401, Duration: 2ms
2025-11-16T15:52:46.372Z [POST] /api/polls from ::1 Status: 401, Duration: 12ms
2025-11-16T15:54:02.589Z [POST] /api/polls from ::1 Status: 401, Duration: 2ms
2025-11-16T15:54:07.772Z [POST] /api/polls from ::1 Status: 401, Duration: 2ms
2025-11-16T15:55:22.789Z [POST] /api/polls from ::1 Status: 401, Duration: 5ms
2025-11-16T15:55:37.764Z [POST] /api/polls from ::1 Status: 401, Duration: 5ms
2025-11-16T15:56:12.960Z [POST] /api/polls from ::1 Status: 401, Duration: 2ms
2025-11-16T15:56:59.715Z [POST] /api/auth/login from ::1 Status: 200, Duration: 1502ms
2025-11-16T15:57:14.827Z [POST] /api/polls from ::1 Status: 401, Duration: 2ms
2025-11-16T16:01:32.000Z [POST] /api/polls from ::1 Status: 401, Duration: 7ms
2025-11-16T16:02:46.578Z [POST] /api/polls from ::1 Status: 401, Duration: 5ms
2025-11-16T16:04:37.576Z [POST] /api/polls from ::1 Status: 400, Duration: 1241ms
2025-11-16T16:07:02.896Z [POST] /api/polls from ::1 Status: 400, Duration: 1256ms
2025-11-16T16:08:35.137Z [POST] /api/polls from ::1 Status: 400, Duration: 1250ms
2025-11-16T16:12:30.344Z [POST] /api/polls from ::1 Status: 400, Duration: 197ms
2025-11-16T16:12:39.479Z [POST] /api/polls from ::1 Status: 400, Duration: 189ms
2025-11-16T16:12:57.951Z [POST] /api/polls from ::1 Status: 400, Duration: 1275ms
2025-11-16T16:12:58.806Z [POST] /api/polls from ::1 Status: 400, Duration: 1205ms
2025-11-16T16:13:12.716Z [POST] /api/polls from ::1 Status: 400, Duration: 1215ms
2025-11-16T16:13:51.157Z [POST] /api/polls from ::1 Status: 400, Duration: 197ms
2025-11-16T16:13:58.002Z [POST] /api/polls from ::1 Status: 400, Duration: 197ms
2025-11-16T16:14:27.291Z [POST] /api/polls from ::1 Status: 201, Duration: 2387ms
2025-11-16T16:14:28.290Z [POST] /api/polls from ::1 Status: 201, Duration: 2454ms
2025-11-16T16:20:30.135Z [POST] /api/auth/login from ::1 Status: 200, Duration: 1528ms
2025-11-16T16:22:24.316Z [POST] /api/auth/login from ::1 Status: 200, Duration: 1634ms
2025-11-16T16:26:32.916Z [POST] /api/auth/login from ::1 Status: 200, Duration: 1568ms
2025-11-16T16:27:19.855Z [POST] /api/polls from ::1 Status: 401, Duration: 2ms
2025-11-16T16:29:00.193Z [POST] /api/polls from ::1 Status: 400, Duration: 1213ms
2025-11-16T16:30:04.092Z [POST] /api/polls from ::1 Status: 400, Duration: 1348ms
2025-11-16T16:37:30.709Z [POST] /api/polls from ::1 Status: 400, Duration: 199ms
2025-11-16T16:38:14.617Z [POST] /api/polls from ::1 Status: 400, Duration: 274ms
2025-11-16T16:39:32.592Z [POST] /api/auth/login from ::1 Status: 200, Duration: 1551ms
2025-11-16T16:39:54.103Z [POST] /api/auth/login from ::1 Status: 200, Duration: 1598ms
2025-11-16T16:40:13.603Z [POST] /api/polls from ::1 Status: 400, Duration: 1252ms
2025-11-16T16:49:25.137Z [POST] /api/auth/login from ::1 Status: 200, Duration: 1601ms
2025-11-16T16:49:46.707Z [POST] /api/polls from ::1 Status: 201, Duration: 3910ms
2025-11-16T16:51:10.110Z [POST] /api/polls from ::1 Status: 201, Duration: 2514ms
2025-11-16T16:53:41.161Z [POST] /api/polls from ::1 Status: 201, Duration: 3770ms
2025-11-16T17:04:56.025Z [POST] /api/polls from ::1 Status: 400, Duration: 1311ms
2025-11-16T17:06:05.621Z [POST] /api/polls from ::1 Status: 400, Duration: 1410ms
2025-11-16T17:08:17.477Z [POST] /api/polls from ::1 Status: 201, Duration: 3781ms
2025-11-16T17:12:00.199Z [POST] /api/polls from ::1 Status: 201, Duration: 3832ms
2025-11-16T17:13:25.067Z [POST] /api/polls from ::1 Status: 201, Duration: 3675ms
2025-11-17T03:09:19.720Z [POST] /api/auth/login from ::1 Status: 200, Duration: 1487ms
2025-11-17T03:11:09.548Z [POST] /api/polls from ::1 Status: 201, Duration: 3444ms
2025-11-17T03:13:05.422Z [POST] /api/polls from ::1 Status: 201, Duration: 3571ms
2025-11-17T03:14:12.772Z [POST] /api/polls from ::1 Status: 201, Duration: 2358ms
2025-11-17T03:17:01.829Z [POST] /api/polls from ::1 Status: 201, Duration: 3417ms
2025-11-17T03:19:14.231Z [POST] /api/polls from ::1 Status: 201, Duration: 3447ms
2025-11-17T03:20:56.185Z [POST] /api/polls from ::1 Status: 201, Duration: 3605ms
2025-11-17T03:24:58.347Z [POST] /api/polls from ::1 Status: 201, Duration: 3429ms
2025-11-17T03:34:51.508Z [POST] /api/polls from ::1 Status: 201, Duration: 2496ms
2025-11-17T03:36:00.925Z [POST] /api/polls from ::1 Status: 201, Duration: 2373ms
2025-11-17T03:37:16.748Z [POST] /api/polls from ::1 Status: 201, Duration: 2393ms
2025-11-17T03:37:42.736Z [POST] /api/polls from ::1 Status: 201, Duration: 2393ms
2025-11-17T03:39:44.980Z [POST] /api/polls from ::1 Status: 201, Duration: 2378ms
2025-11-17T03:42:57.861Z [POST] /api/polls from ::1 Status: 201, Duration: 2419ms
2025-11-17T03:45:01.015Z [POST] /api/polls from ::1 Status: 201, Duration: 3469ms
2025-11-17T03:49:23.222Z [POST] /api/polls from ::1 Status: 201, Duration: 3418ms
2025-11-17T03:50:38.630Z [POST] /api/polls from ::1 Status: 201, Duration: 3375ms
2025-11-17T03:52:42.971Z [POST] /api/polls from ::1 Status: 201, Duration: 3473ms
2025-11-17T05:00:46.018Z [POST] /api/polls from ::1 Status: 201, Duration: 3442ms
2025-11-17T05:01:19.073Z [POST] /api/polls from ::1 Status: 201, Duration: 3457ms
2025-11-17T05:01:45.350Z [POST] /api/polls from ::1 Status: 400, Duration: 1206ms
2025-11-17T05:01:56.628Z [POST] /api/polls from ::1 Status: 201, Duration: 2379ms
2025-11-17T05:13:00.236Z [POST] /api/polls from ::1 Status: 201, Duration: 3388ms
2025-11-17T05:13:30.329Z [POST] /api/polls from ::1 Status: 201, Duration: 3520ms
2025-11-17T05:14:25.490Z [POST] /api/polls from ::1 Status: 201, Duration: 3569ms
2025-11-17T05:15:02.494Z [POST] /api/polls from ::1 Status: 201, Duration: 3581ms
2025-11-17T05:15:27.537Z [POST] /api/polls from ::1 Status: 201, Duration: 3456ms
2025-11-17T05:15:27.887Z [POST] /api/polls from ::1 Status: 201, Duration: 3379ms
2025-11-17T05:19:07.877Z [POST] /api/polls from ::1 Status: 201, Duration: 3757ms
2025-11-17T06:00:16.540Z [POST] /api/polls from ::1 Status: 201, Duration: 3506ms
2025-11-17T06:04:21.188Z [POST] /api/polls from ::1 Status: 201, Duration: 3379ms
2025-11-17T06:14:57.896Z [POST] /api/polls from ::1 Status: 201, Duration: 3393ms
2025-11-17T06:39:34.896Z [POST] /api/polls from ::1 Status: 201, Duration: 2362ms
2025-11-17T06:40:30.872Z [POST] /api/polls from ::1 Status: 201, Duration: 3402ms
2025-11-17T06:42:36.082Z [POST] /api/polls from ::1 Status: 201, Duration: 2367ms
2025-11-17T06:45:36.060Z [POST] /api/polls from ::1 Status: 201, Duration: 3629ms
2025-11-17T06:46:01.886Z [POST] /api/polls from ::1 Status: 201, Duration: 3614ms
2025-11-17T06:49:15.434Z [POST] /api/polls from ::1 Status: 201, Duration: 3778ms
2025-11-17T06:49:52.972Z [POST] /api/polls from ::1 Status: 201, Duration: 3741ms
